[2023-08-09 22:25:51] [INFO ] [OdontologoDaoEnMemoria:22] Odontologo guardado: Odontologo{id=0, numeroDeMatricula=123, nombre='Jose', apellido='Perez'}
[2023-08-09 22:26:56] [INFO ] [OdontologoDaoEnMemoria:22] Odontologo guardado: Odontologo{id=1, numeroDeMatricula=123, nombre='Jose', apellido='Perez'}
[2023-08-09 22:26:56] [INFO ] [OdontologoDaoEnMemoria:35] El odontologo de id 1 ha sido encontrado: Odontologo{id=1, numeroDeMatricula=123, nombre='Jose', apellido='Perez'}
[2023-08-09 22:26:57] [INFO ] [OdontologoDaoEnMemoria:28] Listado de todos los odontologos: 
[Odontologo{id=1, numeroDeMatricula=123, nombre='Jose', apellido='Perez'}]
[2023-08-09 22:27:56] [INFO ] [OdontologoDaoH2:40] Odontologo guardado: Odontologo{id=1, numeroDeMatricula=123, nombre='Jose', apellido='Perez'}
[2023-08-09 22:27:56] [INFO ] [OdontologoDaoH2:78] Se ha encontrado el odontologo Odontologo{id=1, numeroDeMatricula=123, nombre='Jose', apellido='Perez'}
[2023-08-09 22:27:56] [INFO ] [OdontologoDaoH2:104] Listado de todos los odontologos: [Odontologo{id=1, numeroDeMatricula=123, nombre='Jose', apellido='Perez'}]
[2023-08-09 22:29:19] [INFO ] [OdontologoDaoH2:40] Odontologo guardado: Odontologo{id=1, numeroDeMatricula=123, nombre='Jose', apellido='Perez'}
[2023-08-09 22:29:19] [INFO ] [OdontologoDaoH2:78] Se ha encontrado el odontologo Odontologo{id=1, numeroDeMatricula=123, nombre='Jose', apellido='Perez'}
[2023-08-09 22:29:19] [INFO ] [OdontologoDaoH2:104] Listado de todos los odontologos: [Odontologo{id=1, numeroDeMatricula=123, nombre='Jose', apellido='Perez'}]
[2023-08-09 22:29:53] [INFO ] [OdontologoDaoH2:40] Odontologo guardado: Odontologo{id=1, numeroDeMatricula=123, nombre='Jose', apellido='Perez'}
[2023-08-09 22:29:53] [INFO ] [OdontologoDaoH2:78] Se ha encontrado el odontologo Odontologo{id=1, numeroDeMatricula=123, nombre='Jose', apellido='Perez'}
[2023-08-09 22:29:53] [INFO ] [OdontologoDaoH2:104] Listado de todos los odontologos: [Odontologo{id=1, numeroDeMatricula=123, nombre='Jose', apellido='Perez'}]
[2023-08-09 22:31:53] [INFO ] [OdontologoDaoH2:40] Odontologo guardado: Odontologo{id=1, numeroDeMatricula=123, nombre='Jose', apellido='Perez'}
[2023-08-09 22:31:53] [INFO ] [OdontologoDaoH2:40] Odontologo guardado: Odontologo{id=2, numeroDeMatricula=123, nombre='Jose', apellido='Perez'}
[2023-08-09 22:31:53] [INFO ] [OdontologoDaoH2:40] Odontologo guardado: Odontologo{id=3, numeroDeMatricula=123, nombre='Jose', apellido='Perez'}
[2023-08-09 22:31:53] [INFO ] [OdontologoDaoH2:40] Odontologo guardado: Odontologo{id=4, numeroDeMatricula=123, nombre='Jose', apellido='Perez'}
[2023-08-09 22:31:53] [INFO ] [OdontologoDaoH2:78] Se ha encontrado el odontologo Odontologo{id=1, numeroDeMatricula=123, nombre='Jose', apellido='Perez'}
[2023-08-09 22:31:53] [INFO ] [OdontologoDaoH2:104] Listado de todos los odontologos: [Odontologo{id=1, numeroDeMatricula=123, nombre='Jose', apellido='Perez'}, Odontologo{id=2, numeroDeMatricula=123, nombre='Jose', apellido='Perez'}, Odontologo{id=3, numeroDeMatricula=123, nombre='Jose', apellido='Perez'}, Odontologo{id=4, numeroDeMatricula=123, nombre='Jose', apellido='Perez'}]
[2023-08-09 22:34:07] [ERROR] [OdontologoDaoH2:106] La base de datos puede que ya est√© siendo utilizada: "C:/Users/malua/test.mv.db". Soluciones Posibles: cierre todas las otras conexiones; use el modo server
Database may be already in use: "C:/Users/malua/test.mv.db". Possible solutions: close all other connection(s); use the server mode [90020-220]
[2023-08-09 22:34:08] [ERROR] [OdontologoDaoH2:112] Ha ocurrido un error al intentar cerrar la bdd. Cannot invoke "java.sql.Connection.close()" because "connection" is null
[2023-08-09 22:34:08] [ERROR] [OdontologoDaoH2:80] La base de datos puede que ya est√© siendo utilizada: "C:/Users/malua/test.mv.db". Soluciones Posibles: cierre todas las otras conexiones; use el modo server
Database may be already in use: "C:/Users/malua/test.mv.db". Possible solutions: close all other connection(s); use the server mode [90020-220]
[2023-08-09 22:34:08] [ERROR] [OdontologoDaoH2:86] Ha ocurrido un error al intentar cerrar la bdd. Cannot invoke "java.sql.Connection.close()" because "connection" is null
[2023-08-09 22:34:08] [ERROR] [OdontologoDaoH2:43] La base de datos puede que ya est√© siendo utilizada: "C:/Users/malua/test.mv.db". Soluciones Posibles: cierre todas las otras conexiones; use el modo server
Database may be already in use: "C:/Users/malua/test.mv.db". Possible solutions: close all other connection(s); use the server mode [90020-220]
[2023-08-09 22:34:08] [ERROR] [OdontologoDaoH2:59] No se pudo cerrar la conexion: Cannot invoke "java.sql.Connection.close()" because "connection" is null
[2023-08-09 22:34:39] [INFO ] [OdontologoDaoH2:104] Listado de todos los odontologos: []
[2023-08-09 22:34:40] [INFO ] [OdontologoDaoH2:78] Se ha encontrado el odontologo null
[2023-08-09 22:34:40] [INFO ] [OdontologoDaoH2:40] Odontologo guardado: Odontologo{id=1, numeroDeMatricula=12, nombre='nombron', apellido='apellidon'}
[2023-08-09 22:36:02] [INFO ] [OdontologoDaoH2:40] Odontologo guardado: Odontologo{id=1, numeroDeMatricula=12, nombre='nombron', apellido='apellidon'}
[2023-08-09 22:36:03] [INFO ] [OdontologoDaoH2:104] Listado de todos los odontologos: [Odontologo{id=1, numeroDeMatricula=12, nombre='nombron', apellido='apellidon'}]
[2023-08-09 22:36:03] [INFO ] [OdontologoDaoH2:40] Odontologo guardado: Odontologo{id=2, numeroDeMatricula=12, nombre='nombron', apellido='apellidon'}
[2023-08-09 22:36:04] [INFO ] [OdontologoDaoH2:78] Se ha encontrado el odontologo Odontologo{id=1, numeroDeMatricula=12, nombre='nombron', apellido='apellidon'}
[2023-08-09 22:36:04] [INFO ] [OdontologoDaoH2:40] Odontologo guardado: Odontologo{id=3, numeroDeMatricula=12, nombre='nombron', apellido='apellidon'}
[2023-08-09 22:42:55] [INFO ] [OdontologoDaoH2:40] Odontologo guardado: Odontologo{id=1, numeroDeMatricula=12, nombre='camilo', apellido='apellidito'}
[2023-08-09 22:42:56] [INFO ] [OdontologoDaoH2:40] Odontologo guardado: Odontologo{id=2, numeroDeMatricula=12, nombre='camila', apellido='apellidote'}
[2023-08-09 22:42:56] [INFO ] [OdontologoDaoH2:40] Odontologo guardado: Odontologo{id=3, numeroDeMatricula=12, nombre='camile', apellido='apellidon'}
[2023-08-09 22:42:56] [INFO ] [OdontologoDaoH2:77] Listado de todos los odontologos: [Odontologo{id=1, numeroDeMatricula=12, nombre='camilo', apellido='apellidito'}, Odontologo{id=2, numeroDeMatricula=12, nombre='camila', apellido='apellidote'}, Odontologo{id=3, numeroDeMatricula=12, nombre='camile', apellido='apellidon'}]
[2023-08-10 21:26:20] [ERROR] [OdontologoDaoH2:43] Nombre de usuario Û password incorrecto
Wrong user name or password [28000-214]
[2023-08-10 21:26:20] [ERROR] [OdontologoDaoH2:59] No se pudo cerrar la conexion: Cannot invoke "java.sql.Connection.close()" because "connection" is null
[2023-08-10 21:27:09] [ERROR] [OdontologoDaoH2:43] Nombre de usuario Û password incorrecto
Wrong user name or password [28000-214]
[2023-08-10 21:27:09] [ERROR] [OdontologoDaoH2:59] No se pudo cerrar la conexion: Cannot invoke "java.sql.Connection.close()" because "connection" is null
[2023-08-10 21:27:25] [INFO ] [OdontologoDaoH2:40] Odontologo guardado: Odontologo{id=1, numeroDeMatricula=123, nombre='Jose', apellido='Perez'}
[2023-08-10 21:27:25] [INFO ] [OdontologoDaoH2:77] Listado de todos los odontologos: [Odontologo{id=1, numeroDeMatricula=123, nombre='Jose', apellido='Perez'}]
[2023-08-10 21:28:38] [INFO ] [OdontologoDaoH2:40] Odontologo guardado: Odontologo{id=2, numeroDeMatricula=12, nombre='camilo', apellido='apellidito'}
[2023-08-10 21:28:38] [INFO ] [OdontologoDaoH2:40] Odontologo guardado: Odontologo{id=3, numeroDeMatricula=12, nombre='camila', apellido='apellidote'}
[2023-08-10 21:28:38] [INFO ] [OdontologoDaoH2:40] Odontologo guardado: Odontologo{id=4, numeroDeMatricula=12, nombre='camile', apellido='apellidon'}
[2023-08-10 21:28:38] [INFO ] [OdontologoDaoH2:77] Listado de todos los odontologos: [Odontologo{id=1, numeroDeMatricula=123, nombre='Jose', apellido='Perez'}, Odontologo{id=2, numeroDeMatricula=12, nombre='camilo', apellido='apellidito'}, Odontologo{id=3, numeroDeMatricula=12, nombre='camila', apellido='apellidote'}, Odontologo{id=4, numeroDeMatricula=12, nombre='camile', apellido='apellidon'}]
